#
# A fatal error has been detected by the Java Runtime Environment:
#
#  EXCEPTION_ACCESS_VIOLATION (0xc0000005) at pc=0x0000000058ec7d62, pid=7944, tid=14244
#
# JRE version: Java(TM) SE Runtime Environment (8.0_66-b17) (build 1.8.0_66-b17)
# Java VM: Java HotSpot(TM) 64-Bit Server VM (25.66-b17 mixed mode windows-amd64 compressed oops)
# Problematic frame:
# V  [jvm.dll+0x3f7d62]
#
# Failed to write core dump. Minidumps are not enabled by default on client versions of Windows
#
# If you would like to submit a bug report, please visit:
#   http://bugreport.java.com/bugreport/crash.jsp
#

---------------  T H R E A D  ---------------

Current thread (0x0000000015d87800):  VMThread [stack: 0x0000000016e20000,0x0000000016f20000] [id=14244]

siginfo: ExceptionCode=0xc0000005, reading address 0xffffffffffffffff

Registers:
RAX=0x00001fffffffec00, RBX=0x00009fffffff9c00, RCX=0x00000000592da630, RDX=0x0000000000000005
RSP=0x0000000016f1f540, RBP=0x00000000592da630, RSI=0x0000000000ab0000, RDI=0x0000000000000005
R8 =0x00000000afd7fff0, R9 =0x0000000100bef190, R10=0x0000000000108c6a, R11=0x0000000004231a80
R12=0x00000000afd7fff0, R13=0x0000000000000004, R14=0x0000000000000000, R15=0x00000000023621c0
RIP=0x0000000058ec7d62, EFLAGS=0x0000000000010a06

Top of Stack: (sp=0x0000000016f1f540)
0x0000000016f1f540:   00000000c118d2d0 0000000058ec7dd3
0x0000000016f1f550:   00000000000019f0 00000000592da630
0x0000000016f1f560:   00000000afd7fff0 0000000058bd8336
0x0000000016f1f570:   00000000afd80008 0000000100bef4c0
0x0000000016f1f580:   00000000afd8000c 0000000100bef4b8
0x0000000016f1f590:   0000000002352610 0000000000000016
0x0000000016f1f5a0:   00000000023621e0 0000000058ec7780
0x0000000016f1f5b0:   0000000000ab4f10 000000000243d3d0
0x0000000016f1f5c0:   0000000000ab5ac8 000000002ef28200
0x0000000016f1f5d0:   000000000243d3d0 0000000058ec888a
0x0000000016f1f5e0:   0000000000000000 0000000059299830
0x0000000016f1f5f0:   000000002ef28200 000000002ef28200
0x0000000016f1f600:   0000000059299830 00000000000000d5
0x0000000016f1f610:   00000000590f8b80 0000000000000004
0x0000000016f1f620:   000000000243cb50 0000000000000004
0x0000000016f1f630:   000000005911a9b8 00000000590d0100 

Instructions: (pc=0x0000000058ec7d62)
0x0000000058ec7d42:   24 20 41 54 48 83 ec 20 48 8b 71 18 48 8b c2 48
0x0000000058ec7d52:   8b fa 48 2b 01 48 8b e9 48 c1 e8 13 48 8d 1c 80
0x0000000058ec7d62:   44 8b 44 de 1c 8b 44 de 18 4c 8b 24 de 41 81 e0
0x0000000058ec7d72:   ff ff ff 07 4c 03 c0 49 81 f8 00 00 01 00 75 09 


Register to memory mapping:

RAX=0x00001fffffffec00 is an unknown value
RBX=0x00009fffffff9c00 is an unknown value
RCX=0x00000000592da630 is an unknown value
RDX=0x0000000000000005 is an unknown value
RSP=0x0000000016f1f540 is an unknown value
RBP=0x00000000592da630 is an unknown value
RSI=0x0000000000ab0000 is an unknown value
RDI=0x0000000000000005 is an unknown value
R8 =0x00000000afd7fff0 is an oop
com.android.tools.r8.code.InvokeStatic 
 - klass: 'com/android/tools/r8/code/InvokeStatic'
R9 =0x0000000100bef190 is pointing into metadata
R10=0x0000000000108c6a is an unknown value
R11=0x0000000004231a80 is at entry_point+256 in (nmethod*)0x0000000004231810
R12=0x00000000afd7fff0 is an oop
com.android.tools.r8.code.InvokeStatic 
 - klass: 'com/android/tools/r8/code/InvokeStatic'
R13=0x0000000000000004 is an unknown value
R14=0x0000000000000000 is an unknown value
R15=0x00000000023621c0 is an unknown value


Stack: [0x0000000016e20000,0x0000000016f20000],  sp=0x0000000016f1f540,  free space=1021k
Native frames: (J=compiled Java code, j=interpreted, Vv=VM code, C=native code)
V  [jvm.dll+0x3f7d62]
V  [jvm.dll+0x108336]
V  [jvm.dll+0x3f7780]
V  [jvm.dll+0x3f888a]
V  [jvm.dll+0x3f989f]
V  [jvm.dll+0x3fd80f]
V  [jvm.dll+0x3ed514]
V  [jvm.dll+0x3ffd56]
V  [jvm.dll+0x249897]
V  [jvm.dll+0x248b36]
V  [jvm.dll+0x248fd1]
V  [jvm.dll+0x2491ee]
V  [jvm.dll+0x29a0fa]
C  [msvcr100.dll+0x21d9f]
C  [msvcr100.dll+0x21e3b]
C  [KERNEL32.DLL+0x13034]
C  [ntdll.dll+0x73691]

VM_Operation (0x000000004082eea0): ParallelGCFailedAllocation, mode: safepoint, requested by thread 0x000000001fe51000


---------------  P R O C E S S  ---------------

Java Threads: ( => current thread )
  0x000000001fe57000 JavaThread "ForkJoinPool-73-worker-0" daemon [_thread_blocked, id=4000, stack(0x0000000040930000,0x0000000040a30000)]
  0x000000001fe4a000 JavaThread "ForkJoinPool-73-worker-3" daemon [_thread_blocked, id=1688, stack(0x0000000040830000,0x0000000040930000)]
  0x000000001fe51000 JavaThread "ForkJoinPool-73-worker-2" daemon [_thread_blocked, id=12484, stack(0x0000000040730000,0x0000000040830000)]
  0x000000001fe49800 JavaThread "ForkJoinPool-73-worker-1" daemon [_thread_blocked, id=10252, stack(0x0000000040630000,0x0000000040730000)]
  0x000000001d684000 JavaThread "stdout" daemon [_thread_in_native, id=720, stack(0x0000000040530000,0x0000000040630000)]
  0x000000001d68b000 JavaThread "stderr" daemon [_thread_in_native, id=15832, stack(0x0000000040430000,0x0000000040530000)]
  0x000000001d682000 JavaThread "stdout" daemon [_thread_in_native, id=12844, stack(0x0000000040330000,0x0000000040430000)]
  0x000000001d685000 JavaThread "stderr" daemon [_thread_in_native, id=7680, stack(0x0000000040230000,0x0000000040330000)]
  0x000000001d683800 JavaThread "stdout" daemon [_thread_in_native, id=5744, stack(0x0000000040130000,0x0000000040230000)]
  0x000000001d682800 JavaThread "stderr" daemon [_thread_in_native, id=12620, stack(0x0000000040030000,0x0000000040130000)]
  0x000000001d680800 JavaThread "pool-27-thread-1" [_thread_blocked, id=920, stack(0x000000003ff30000,0x0000000040030000)]
  0x00000000290cd800 JavaThread "ForkJoinPool.commonPool-worker-1" daemon [_thread_blocked, id=16276, stack(0x000000003fe30000,0x000000003ff30000)]
  0x00000000290c9000 JavaThread "ForkJoinPool.commonPool-worker-3" daemon [_thread_blocked, id=4936, stack(0x000000003fc30000,0x000000003fd30000)]
  0x00000000290cc000 JavaThread "Task worker for ':' Thread 3" [_thread_blocked, id=4712, stack(0x000000003fb30000,0x000000003fc30000)]
  0x00000000290cb000 JavaThread "Task worker for ':' Thread 2" [_thread_blocked, id=8108, stack(0x000000003fa30000,0x000000003fb30000)]
  0x00000000290ca800 JavaThread "Task worker for ':'" [_thread_blocked, id=2352, stack(0x000000003f930000,0x000000003fa30000)]
  0x00000000290c9800 JavaThread "Cache worker for Build Output Cleanup Cache (C:\Users\garyc\AndroidStudioProjects\MarkingActivity\.gradle\buildOutputCleanup)" [_thread_blocked, id=8928, stack(0x000000003f830000,0x000000003f930000)]
  0x00000000290c1800 JavaThread "Cache worker for task history cache (C:\Users\garyc\AndroidStudioProjects\MarkingActivity\.gradle\4.6\taskHistory)" [_thread_blocked, id=10452, stack(0x000000003f730000,0x000000003f830000)]
  0x00000000290c2000 JavaThread "Cache worker for file content cache (C:\Users\garyc\AndroidStudioProjects\MarkingActivity\.gradle\4.6\fileContent)" [_thread_blocked, id=9692, stack(0x000000003f630000,0x000000003f730000)]
  0x00000000290c0800 JavaThread "Build operations Thread 4" [_thread_blocked, id=12400, stack(0x000000003f530000,0x000000003f630000)]
  0x00000000290c7800 JavaThread "Build operations Thread 3" [_thread_blocked, id=8240, stack(0x000000003f430000,0x000000003f530000)]
  0x00000000290c0000 JavaThread "Build operations Thread 2" [_thread_blocked, id=7144, stack(0x000000003f330000,0x000000003f430000)]
  0x00000000290c6800 JavaThread "Build operations" [_thread_blocked, id=14000, stack(0x000000003f230000,0x000000003f330000)]
  0x00000000290c3000 JavaThread "Cache worker for Artifact transforms cache (C:\Users\garyc\.gradle\caches\transforms-1)" [_thread_blocked, id=14004, stack(0x000000003f130000,0x000000003f230000)]
  0x00000000290c6000 JavaThread "Cache worker for file hash cache (C:\Users\garyc\AndroidStudioProjects\MarkingActivity\.gradle\4.6\fileHashes)" [_thread_blocked, id=9236, stack(0x000000003f030000,0x000000003f130000)]
  0x00000000290c5000 JavaThread "Stdin handler" [_thread_blocked, id=7808, stack(0x000000003ef30000,0x000000003f030000)]
  0x00000000290c4800 JavaThread "Asynchronous log dispatcher for DefaultDaemonConnection: socket connection from /127.0.0.1:52174 to /127.0.0.1:60145" [_thread_blocked, id=2724, stack(0x000000003ee30000,0x000000003ef30000)]
  0x00000000290bf000 JavaThread "Cancel handler" [_thread_blocked, id=10652, stack(0x000000003ed30000,0x000000003ee30000)]
  0x00000000290c3800 JavaThread "Handler for socket connection from /127.0.0.1:52174 to /127.0.0.1:60145" [_thread_in_native, id=7544, stack(0x000000003ec30000,0x000000003ed30000)]
  0x000000001b593000 JavaThread "Daemon worker Thread 8" [_thread_blocked, id=992, stack(0x000000003b530000,0x000000003b630000)]
  0x000000001b598800 JavaThread "Daemon Thread 8" [_thread_blocked, id=14068, stack(0x000000003b230000,0x000000003b330000)]
  0x000000001fe4f800 JavaThread "pool-1-thread-1" [_thread_blocked, id=8900, stack(0x0000000023de0000,0x0000000023ee0000)]
  0x000000001d68e000 JavaThread "Java2D Disposer" daemon [_thread_blocked, id=6848, stack(0x00000000231e0000,0x00000000232e0000)]
  0x000000001d67f800 JavaThread "Memory manager" [_thread_blocked, id=7976, stack(0x0000000020fc0000,0x00000000210c0000)]
  0x0000000018f5c000 JavaThread "File lock request listener" [_thread_in_native, id=1632, stack(0x000000001a960000,0x000000001aa60000)]
  0x0000000018f58000 JavaThread "Cache worker for file hash cache (C:\Users\garyc\.gradle\caches\4.6\fileHashes)" [_thread_blocked, id=9176, stack(0x000000001a660000,0x000000001a760000)]
  0x0000000018d63800 JavaThread "Daemon periodic checks" [_thread_blocked, id=13964, stack(0x0000000019d60000,0x0000000019e60000)]
  0x0000000018d61000 JavaThread "Incoming local TCP Connector on port 52174" [_thread_in_native, id=15872, stack(0x0000000019b20000,0x0000000019c20000)]
  0x0000000018e4b000 JavaThread "Daemon health stats" [_thread_blocked, id=15188, stack(0x00000000194e0000,0x00000000195e0000)]
  0x0000000017751000 JavaThread "Service Thread" daemon [_thread_blocked, id=4448, stack(0x0000000017b10000,0x0000000017c10000)]
  0x0000000015dea000 JavaThread "C1 CompilerThread2" daemon [_thread_blocked, id=10764, stack(0x0000000017610000,0x0000000017710000)]
  0x0000000015dc1800 JavaThread "C2 CompilerThread1" daemon [_thread_blocked, id=1068, stack(0x0000000017510000,0x0000000017610000)]
  0x0000000015dbe800 JavaThread "C2 CompilerThread0" daemon [_thread_blocked, id=3100, stack(0x0000000017410000,0x0000000017510000)]
  0x0000000015dbc800 JavaThread "Attach Listener" daemon [_thread_blocked, id=13860, stack(0x0000000017310000,0x0000000017410000)]
  0x0000000015dbb800 JavaThread "Signal Dispatcher" daemon [_thread_blocked, id=14584, stack(0x0000000017210000,0x0000000017310000)]
  0x0000000002448800 JavaThread "Finalizer" daemon [_thread_blocked, id=9660, stack(0x0000000017020000,0x0000000017120000)]
  0x0000000002440000 JavaThread "Reference Handler" daemon [_thread_blocked, id=11388, stack(0x0000000016f20000,0x0000000017020000)]
  0x000000000230e000 JavaThread "main" [_thread_blocked, id=4672, stack(0x00000000021f0000,0x00000000022f0000)]

Other Threads:
=>0x0000000015d87800 VMThread [stack: 0x0000000016e20000,0x0000000016f20000] [id=14244]
  0x0000000017726800 WatcherThread [stack: 0x0000000017c10000,0x0000000017d10000] [id=9992]

VM state:at safepoint (normal execution)

VM Mutex/Monitor currently owned by a thread:  ([mutex/lock_event])
[0x000000000230c9c0] Threads_lock - owner thread: 0x0000000015d87800
[0x000000000230cbc0] Heap_lock - owner thread: 0x000000001fe51000

Heap:
 PSYoungGen      total 348672K, used 34302K [0x00000000e0000000, 0x0000000100000000, 0x0000000100000000)
  eden space 314368K, 0% used [0x00000000e0000000,0x00000000e0000000,0x00000000f3300000)
  from space 34304K, 99% used [0x00000000fdc80000,0x00000000ffdff8f0,0x00000000ffe00000)
  to   space 104960K, 0% used [0x00000000f3300000,0x00000000f3300000,0x00000000f9980000)
 ParOldGen       total 552448K, used 552366K [0x00000000a0000000, 0x00000000c1b80000, 0x00000000e0000000)
  object space 552448K, 99% used [0x00000000a0000000,0x00000000c1b6baa8,0x00000000c1b80000)
 Metaspace       used 94316K, capacity 99624K, committed 99840K, reserved 1136640K
  class space    used 11812K, capacity 12882K, committed 13056K, reserved 1048576K

Card table byte_map: [0x0000000011810000,0x0000000011b20000] byte_map_base: 0x0000000011310000

Marking Bits: (ParMarkBitMap*) 0x00000000592da5b0
 Begin Bits: [0x0000000012120000, 0x0000000013920000)
 End Bits:   [0x0000000013920000, 0x0000000015120000)

Polling page: 0x00000000004f0000

CodeCache: size=245760Kb used=79865Kb max_used=79865Kb free=165894Kb
 bounds [0x0000000002450000, 0x00000000072c0000, 0x0000000011450000]
 total_blobs=22162 nmethods=21210 adapters=859
 compilation: enabled

Compilation events (10 events):
Event: 2422.548 Thread 0x0000000015dea000 29183       2       com.android.tools.r8.dex.DexParser$$Lambda$584/2038631778::<init> (10 bytes)
Event: 2422.548 Thread 0x0000000015dea000 nmethod 29183 0x00000000072b86d0 code [0x00000000072b8820, 0x00000000072b8990]
Event: 2422.548 Thread 0x0000000015dea000 29184       2       com.android.tools.r8.graph.ParameterAnnotationsList::withParameterCount (58 bytes)
Event: 2422.548 Thread 0x0000000015dea000 nmethod 29184 0x00000000072b8a10 code [0x00000000072b8b80, 0x00000000072b8d88]
Event: 2422.548 Thread 0x0000000015dea000 29185       2       com.android.tools.r8.dex.DexParser$$Lambda$584/2038631778::get$Lambda (9 bytes)
Event: 2422.549 Thread 0x0000000015dea000 nmethod 29185 0x00000000072b8e90 code [0x00000000072b8fe0, 0x00000000072b9170]
Event: 2422.551 Thread 0x0000000015dea000 29186       2       com.android.tools.r8.graph.DexMemberAnnotation$DexParameterAnnotation::<init> (7 bytes)
Event: 2422.551 Thread 0x0000000015dea000 nmethod 29186 0x00000000072b9210 code [0x00000000072b9360, 0x00000000072b94d0]
Event: 2422.554 Thread 0x0000000015dea000 29187       2       com.android.tools.r8.graph.ParameterAnnotationsList::<init> (38 bytes)
Event: 2422.554 Thread 0x0000000015dea000 nmethod 29187 0x00000000072b9550 code [0x00000000072b96a0, 0x00000000072b9810]

GC Heap History (10 events):
Event: 2417.929 GC heap after
Heap after GC invocations=209 (full 13):
 PSYoungGen      total 480768K, used 22003K [0x00000000e0000000, 0x00000000ffc00000, 0x0000000100000000)
  eden space 442368K, 0% used [0x00000000e0000000,0x00000000e0000000,0x00000000fb000000)
  from space 38400K, 57% used [0x00000000fd480000,0x00000000fe9fcf80,0x00000000ffa00000)
  to   space 37376K, 0% used [0x00000000fb000000,0x00000000fb000000,0x00000000fd480000)
 ParOldGen       total 500736K, used 370813K [0x00000000a0000000, 0x00000000be900000, 0x00000000e0000000)
  object space 500736K, 74% used [0x00000000a0000000,0x00000000b6a1f770,0x00000000be900000)
 Metaspace       used 93697K, capacity 98916K, committed 99200K, reserved 1136640K
  class space    used 11754K, capacity 12820K, committed 12928K, reserved 1048576K
}
Event: 2418.287 GC heap before
{Heap before GC invocations=210 (full 13):
 PSYoungGen      total 480768K, used 464371K [0x00000000e0000000, 0x00000000ffc00000, 0x0000000100000000)
  eden space 442368K, 100% used [0x00000000e0000000,0x00000000fb000000,0x00000000fb000000)
  from space 38400K, 57% used [0x00000000fd480000,0x00000000fe9fcf80,0x00000000ffa00000)
  to   space 37376K, 0% used [0x00000000fb000000,0x00000000fb000000,0x00000000fd480000)
 ParOldGen       total 500736K, used 370813K [0x00000000a0000000, 0x00000000be900000, 0x00000000e0000000)
  object space 500736K, 74% used [0x00000000a0000000,0x00000000b6a1f770,0x00000000be900000)
 Metaspace       used 93712K, capacity 98980K, committed 99200K, reserved 1136640K
  class space    used 11755K, capacity 12820K, committed 12928K, reserved 1048576K
Event: 2418.297 GC heap after
Heap after GC invocations=210 (full 13):
 PSYoungGen      total 479744K, used 11623K [0x00000000e0000000, 0x00000000ffe00000, 0x0000000100000000)
  eden space 442368K, 0% used [0x00000000e0000000,0x00000000e0000000,0x00000000fb000000)
  from space 37376K, 31% used [0x00000000fb000000,0x00000000fbb59e08,0x00000000fd480000)
  to   space 36864K, 0% used [0x00000000fda00000,0x00000000fda00000,0x00000000ffe00000)
 ParOldGen       total 500736K, used 372776K [0x00000000a0000000, 0x00000000be900000, 0x00000000e0000000)
  object space 500736K, 74% used [0x00000000a0000000,0x00000000b6c0a3a8,0x00000000be900000)
 Metaspace       used 93712K, capacity 98980K, committed 99200K, reserved 1136640K
  class space    used 11755K, capacity 12820K, committed 12928K, reserved 1048576K
}
Event: 2418.729 GC heap before
{Heap before GC invocations=211 (full 13):
 PSYoungGen      total 479744K, used 453991K [0x00000000e0000000, 0x00000000ffe00000, 0x0000000100000000)
  eden space 442368K, 100% used [0x00000000e0000000,0x00000000fb000000,0x00000000fb000000)
  from space 37376K, 31% used [0x00000000fb000000,0x00000000fbb59e08,0x00000000fd480000)
  to   space 36864K, 0% used [0x00000000fda00000,0x00000000fda00000,0x00000000ffe00000)
 ParOldGen       total 500736K, used 372776K [0x00000000a0000000, 0x00000000be900000, 0x00000000e0000000)
  object space 500736K, 74% used [0x00000000a0000000,0x00000000b6c0a3a8,0x00000000be900000)
 Metaspace       used 93731K, capacity 98980K, committed 99200K, reserved 1136640K
  class space    used 11755K, capacity 12820K, committed 12928K, reserved 1048576K
Event: 2418.746 GC heap after
Heap after GC invocations=211 (full 13):
 PSYoungGen      total 485376K, used 18140K [0x00000000e0000000, 0x00000000ffc80000, 0x0000000100000000)
  eden space 450048K, 0% used [0x00000000e0000000,0x00000000e0000000,0x00000000fb780000)
  from space 35328K, 51% used [0x00000000fda00000,0x00000000febb7150,0x00000000ffc80000)
  to   space 35328K, 0% used [0x00000000fb780000,0x00000000fb780000,0x00000000fda00000)
 ParOldGen       total 500736K, used 372784K [0x00000000a0000000, 0x00000000be900000, 0x00000000e0000000)
  object space 500736K, 74% used [0x00000000a0000000,0x00000000b6c0c3a8,0x00000000be900000)
 Metaspace       used 93731K, capacity 98980K, committed 99200K, reserved 1136640K
  class space    used 11755K, capacity 12820K, committed 12928K, reserved 1048576K
}
Event: 2419.786 GC heap before
{Heap before GC invocations=212 (full 13):
 PSYoungGen      total 485376K, used 468188K [0x00000000e0000000, 0x00000000ffc80000, 0x0000000100000000)
  eden space 450048K, 100% used [0x00000000e0000000,0x00000000fb780000,0x00000000fb780000)
  from space 35328K, 51% used [0x00000000fda00000,0x00000000febb7150,0x00000000ffc80000)
  to   space 35328K, 0% used [0x00000000fb780000,0x00000000fb780000,0x00000000fda00000)
 ParOldGen       total 500736K, used 372784K [0x00000000a0000000, 0x00000000be900000, 0x00000000e0000000)
  object space 500736K, 74% used [0x00000000a0000000,0x00000000b6c0c3a8,0x00000000be900000)
 Metaspace       used 93750K, capacity 98980K, committed 99200K, reserved 1136640K
  class space    used 11756K, capacity 12820K, committed 12928K, reserved 1048576K
Event: 2419.797 GC heap after
Heap after GC invocations=212 (full 13):
 PSYoungGen      total 485376K, used 14916K [0x00000000e0000000, 0x00000000ffe00000, 0x0000000100000000)
  eden space 450048K, 0% used [0x00000000e0000000,0x00000000e0000000,0x00000000fb780000)
  from space 35328K, 42% used [0x00000000fb780000,0x00000000fc6110a0,0x00000000fda00000)
  to   space 34304K, 0% used [0x00000000fdc80000,0x00000000fdc80000,0x00000000ffe00000)
 ParOldGen       total 500736K, used 372784K [0x00000000a0000000, 0x00000000be900000, 0x00000000e0000000)
  object space 500736K, 74% used [0x00000000a0000000,0x00000000b6c0c3a8,0x00000000be900000)
 Metaspace       used 93750K, capacity 98980K, committed 99200K, reserved 1136640K
  class space    used 11756K, capacity 12820K, committed 12928K, reserved 1048576K
}
Event: 2422.557 GC heap before
{Heap before GC invocations=213 (full 13):
 PSYoungGen      total 485376K, used 464964K [0x00000000e0000000, 0x00000000ffe00000, 0x0000000100000000)
  eden space 450048K, 100% used [0x00000000e0000000,0x00000000fb780000,0x00000000fb780000)
  from space 35328K, 42% used [0x00000000fb780000,0x00000000fc6110a0,0x00000000fda00000)
  to   space 34304K, 0% used [0x00000000fdc80000,0x00000000fdc80000,0x00000000ffe00000)
 ParOldGen       total 500736K, used 372784K [0x00000000a0000000, 0x00000000be900000, 0x00000000e0000000)
  object space 500736K, 74% used [0x00000000a0000000,0x00000000b6c0c3a8,0x00000000be900000)
 Metaspace       used 94316K, capacity 99624K, committed 99840K, reserved 1136640K
  class space    used 11812K, capacity 12882K, committed 13056K, reserved 1048576K
Event: 2422.818 GC heap after
Heap after GC invocations=213 (full 13):
 PSYoungGen      total 348672K, used 34302K [0x00000000e0000000, 0x0000000100000000, 0x0000000100000000)
  eden space 314368K, 0% used [0x00000000e0000000,0x00000000e0000000,0x00000000f3300000)
  from space 34304K, 99% used [0x00000000fdc80000,0x00000000ffdff8f0,0x00000000ffe00000)
  to   space 104960K, 0% used [0x00000000f3300000,0x00000000f3300000,0x00000000f9980000)
 ParOldGen       total 552448K, used 552366K [0x00000000a0000000, 0x00000000c1b80000, 0x00000000e0000000)
  object space 552448K, 99% used [0x00000000a0000000,0x00000000c1b6baa8,0x00000000c1b80000)
 Metaspace       used 94316K, capacity 99624K, committed 99840K, reserved 1136640K
  class space    used 11812K, capacity 12882K, committed 13056K, reserved 1048576K
}
Event: 2422.818 GC heap before
{Heap before GC invocations=214 (full 14):
 PSYoungGen      total 348672K, used 34302K [0x00000000e0000000, 0x0000000100000000, 0x0000000100000000)
  eden space 314368K, 0% used [0x00000000e0000000,0x00000000e0000000,0x00000000f3300000)
  from space 34304K, 99% used [0x00000000fdc80000,0x00000000ffdff8f0,0x00000000ffe00000)
  to   space 104960K, 0% used [0x00000000f3300000,0x00000000f3300000,0x00000000f9980000)
 ParOldGen       total 552448K, used 552366K [0x00000000a0000000, 0x00000000c1b80000, 0x00000000e0000000)
  object space 552448K, 99% used [0x00000000a0000000,0x00000000c1b6baa8,0x00000000c1b80000)
 Metaspace       used 94316K, capacity 99624K, committed 99840K, reserved 1136640K
  class space    used 11812K, capacity 12882K, committed 13056K, reserved 1048576K

Deoptimization events (10 events):
Event: 2422.135 Thread 0x000000001fe57000 Uncommon trap: reason=unstable_if action=reinterpret pc=0x000000000549bb0c method=java.util.Arrays.hashCode([Ljava/lang/Object;)I @ 1
Event: 2422.135 Thread 0x000000001fe57000 Uncommon trap: reason=unstable_if action=reinterpret pc=0x000000000310aff0 method=java.util.Arrays.hashCode([Ljava/lang/Object;)I @ 1
Event: 2422.135 Thread 0x000000001fe49800 Uncommon trap: reason=unstable_if action=reinterpret pc=0x000000000310aff0 method=java.util.Arrays.hashCode([Ljava/lang/Object;)I @ 1
Event: 2422.136 Thread 0x000000001fe51000 Uncommon trap: reason=unstable_if action=reinterpret pc=0x000000000549bb0c method=java.util.Arrays.hashCode([Ljava/lang/Object;)I @ 1
Event: 2422.210 Thread 0x000000001fe57000 Uncommon trap: reason=unstable_if action=reinterpret pc=0x0000000006183280 method=com.android.tools.r8.it.unimi.dsi.fastutil.ints.Int2ObjectOpenHashMap.get(I)Ljava/lang/Object; @ 8
Event: 2422.211 Thread 0x000000001fe57000 Uncommon trap: reason=unstable_if action=reinterpret pc=0x00000000033b8d90 method=com.android.tools.r8.dex.DexParser.cacheAt(ILjava/util/function/Supplier;)Ljava/lang/Object; @ 1
Event: 2422.213 Thread 0x000000001fe57000 Uncommon trap: reason=unstable_if action=reinterpret pc=0x00000000055388ac method=com.android.tools.r8.graph.DexField.computeEquals(Ljava/lang/Object;)Z @ 37
Event: 2422.218 Thread 0x000000001fe57000 Uncommon trap: reason=unstable_if action=reinterpret pc=0x0000000004542d30 method=com.android.tools.r8.graph.DexProto.computeEquals(Ljava/lang/Object;)Z @ 37
Event: 2422.235 Thread 0x000000001fe4a000 Uncommon trap: reason=unstable_if action=reinterpret pc=0x0000000005a9eb60 method=com.android.tools.r8.graph.DexProto.computeEquals(Ljava/lang/Object;)Z @ 37
Event: 2422.372 Thread 0x000000001fe57000 Uncommon trap: reason=unloaded action=reinterpret pc=0x0000000007263404 method=com.android.tools.r8.code.BaseInstructionFactory.create(IILcom/android/tools/r8/code/BytecodeStream;Lcom/android/tools/r8/graph/OffsetToObjectMapping;)Lcom/android/tools/r8/code

Internal exceptions (10 events):
Event: 2421.700 Thread 0x000000001b593000 Exception <a 'sun/nio/fs/WindowsException'> (0x00000000e2fc0100) thrown at [C:\re\workspace\8-2-build-windows-amd64-cygwin\jdk8u66\4988\hotspot\src\share\vm\prims\jni.cpp, line 709]
Event: 2421.788 Thread 0x000000001b593000 Exception <a 'sun/nio/fs/WindowsException'> (0x00000000e64c88e0) thrown at [C:\re\workspace\8-2-build-windows-amd64-cygwin\jdk8u66\4988\hotspot\src\share\vm\prims\jni.cpp, line 709]
Event: 2422.135 Thread 0x000000001fe57000 Implicit null exception at 0x000000000627daca to 0x000000000627dd3d
Event: 2422.135 Thread 0x000000001fe4a000 Implicit null exception at 0x000000000627daca to 0x000000000627dd3d
Event: 2422.135 Thread 0x000000001fe49800 Implicit null exception at 0x000000000627daca to 0x000000000627dd3d
Event: 2422.135 Thread 0x000000001fe51000 Implicit null exception at 0x000000000627daca to 0x000000000627dd3d
Event: 2422.135 Thread 0x000000001fe57000 Implicit null exception at 0x000000000549b8b9 to 0x000000000549baf9
Event: 2422.135 Thread 0x000000001fe57000 Implicit null exception at 0x000000000310aeef to 0x000000000310afe1
Event: 2422.135 Thread 0x000000001fe49800 Implicit null exception at 0x000000000310aeef to 0x000000000310afe1
Event: 2422.136 Thread 0x000000001fe51000 Implicit null exception at 0x000000000549b8b9 to 0x000000000549baf9

Events (10 events):
Event: 2422.475 Executing VM operation: BulkRevokeBias done
Event: 2422.479 loading class com/android/tools/r8/graph/ParameterAnnotationsList
Event: 2422.479 loading class com/android/tools/r8/graph/ParameterAnnotationsList done
Event: 2422.479 loading class com/android/tools/r8/dex/DexParser
Event: 2422.479 loading class com/android/tools/r8/dex/DexParser done
Event: 2422.503 loading class com/android/tools/r8/dex/DexParser
Event: 2422.503 loading class com/android/tools/r8/dex/DexParser done
Event: 2422.511 Thread 0x000000001fe51000 DEOPT PACKING pc=0x00000000072432b2 sp=0x000000004082f320
Event: 2422.511 Thread 0x000000001fe51000 DEOPT UNPACKING pc=0x000000000249787f sp=0x000000004082f110 mode 0
Event: 2422.556 Executing VM operation: ParallelGCFailedAllocation


Dynamic libraries:
0x00007ff635ac0000 - 0x00007ff635af7000 	C:\Program Files\Java\jdk1.8.0_66\bin\java.exe
0x00007ffad3880000 - 0x00007ffad3a61000 	C:\WINDOWS\SYSTEM32\ntdll.dll
0x00007ffad11c0000 - 0x00007ffad1272000 	C:\WINDOWS\System32\KERNEL32.DLL
0x00007ffacff00000 - 0x00007ffad0173000 	C:\WINDOWS\System32\KERNELBASE.dll
0x00007ffad0e80000 - 0x00007ffad0f21000 	C:\WINDOWS\System32\ADVAPI32.dll
0x00007ffad1aa0000 - 0x00007ffad1b3e000 	C:\WINDOWS\System32\msvcrt.dll
0x00007ffad1280000 - 0x00007ffad12db000 	C:\WINDOWS\System32\sechost.dll
0x00007ffad1090000 - 0x00007ffad11b4000 	C:\WINDOWS\System32\RPCRT4.dll
0x00007ffad1300000 - 0x00007ffad1490000 	C:\WINDOWS\System32\USER32.dll
0x00007ffad0200000 - 0x00007ffad0220000 	C:\WINDOWS\System32\win32u.dll
0x00007ffad0df0000 - 0x00007ffad0e18000 	C:\WINDOWS\System32\GDI32.dll
0x00007ffad0b70000 - 0x00007ffad0d02000 	C:\WINDOWS\System32\gdi32full.dll
0x00007ffacfcb0000 - 0x00007ffacfd4f000 	C:\WINDOWS\System32\msvcp_win.dll
0x00007ffacfe00000 - 0x00007ffacfefa000 	C:\WINDOWS\System32\ucrtbase.dll
0x00007ffac0120000 - 0x00007ffac0389000 	C:\WINDOWS\WinSxS\amd64_microsoft.windows.common-controls_6595b64144ccf1df_6.0.17134.472_none_fb3f9af53068156d\COMCTL32.dll
0x00007ffad1620000 - 0x00007ffad1942000 	C:\WINDOWS\System32\combase.dll
0x00007ffad0180000 - 0x00007ffad01fa000 	C:\WINDOWS\System32\bcryptPrimitives.dll
0x00007ffad1bf0000 - 0x00007ffad1c1d000 	C:\WINDOWS\System32\IMM32.DLL
0x000000005a2f0000 - 0x000000005a3c2000 	C:\Program Files\Java\jdk1.8.0_66\jre\bin\msvcr100.dll
0x0000000058ad0000 - 0x0000000059359000 	C:\Program Files\Java\jdk1.8.0_66\jre\bin\server\jvm.dll
0x00007ffad0d10000 - 0x00007ffad0d18000 	C:\WINDOWS\System32\PSAPI.DLL
0x00007ffabe220000 - 0x00007ffabe229000 	C:\WINDOWS\SYSTEM32\WSOCK32.dll
0x00007ffacc890000 - 0x00007ffacc8b3000 	C:\WINDOWS\SYSTEM32\WINMM.dll
0x00007ffacca20000 - 0x00007ffacca2a000 	C:\WINDOWS\SYSTEM32\VERSION.dll
0x00007ffad0f30000 - 0x00007ffad0f9c000 	C:\WINDOWS\System32\WS2_32.dll
0x00007ffacc860000 - 0x00007ffacc88a000 	C:\WINDOWS\SYSTEM32\WINMMBASE.dll
0x00007ffad0220000 - 0x00007ffad0269000 	C:\WINDOWS\System32\cfgmgr32.dll
0x000000005a2e0000 - 0x000000005a2ef000 	C:\Program Files\Java\jdk1.8.0_66\jre\bin\verify.dll
0x000000005a2b0000 - 0x000000005a2d9000 	C:\Program Files\Java\jdk1.8.0_66\jre\bin\java.dll
0x000000005a290000 - 0x000000005a2a6000 	C:\Program Files\Java\jdk1.8.0_66\jre\bin\zip.dll
0x00007ffad2270000 - 0x00007ffad36b0000 	C:\WINDOWS\System32\SHELL32.dll
0x00007ffad1b40000 - 0x00007ffad1be9000 	C:\WINDOWS\System32\shcore.dll
0x00007ffad0270000 - 0x00007ffad097d000 	C:\WINDOWS\System32\windows.storage.dll
0x00007ffad0d20000 - 0x00007ffad0d71000 	C:\WINDOWS\System32\shlwapi.dll
0x00007ffacfbb0000 - 0x00007ffacfbc1000 	C:\WINDOWS\System32\kernel.appcore.dll
0x00007ffacfbd0000 - 0x00007ffacfbef000 	C:\WINDOWS\System32\profapi.dll
0x00007ffacfc00000 - 0x00007ffacfc4c000 	C:\WINDOWS\System32\powrprof.dll
0x00007ffacfbf0000 - 0x00007ffacfbfa000 	C:\WINDOWS\System32\FLTLIB.DLL
0x000000005a270000 - 0x000000005a28a000 	C:\Program Files\Java\jdk1.8.0_66\jre\bin\net.dll
0x00007ffacf410000 - 0x00007ffacf476000 	C:\WINDOWS\system32\mswsock.dll
0x000000005a250000 - 0x000000005a261000 	C:\Program Files\Java\jdk1.8.0_66\jre\bin\nio.dll
0x00007ffac5bb0000 - 0x00007ffac5bce000 	C:\Users\garyc\.gradle\native\25\windows-amd64\native-platform.dll
0x000000005a240000 - 0x000000005a24d000 	C:\Program Files\Java\jdk1.8.0_66\jre\bin\management.dll
0x00007ffacf5c0000 - 0x00007ffacf5d7000 	C:\WINDOWS\SYSTEM32\CRYPTSP.dll
0x00007ffacef90000 - 0x00007ffacefc3000 	C:\WINDOWS\system32\rsaenh.dll
0x00007ffacf6f0000 - 0x00007ffacf715000 	C:\WINDOWS\SYSTEM32\bcrypt.dll
0x00007ffacfac0000 - 0x00007ffacfae8000 	C:\WINDOWS\SYSTEM32\USERENV.dll
0x00007ffacf5e0000 - 0x00007ffacf5eb000 	C:\WINDOWS\SYSTEM32\CRYPTBASE.dll
0x00007ffacf130000 - 0x00007ffacf168000 	C:\WINDOWS\SYSTEM32\IPHLPAPI.DLL
0x00007ffad0de0000 - 0x00007ffad0de8000 	C:\WINDOWS\System32\NSI.dll
0x00007ffac78a0000 - 0x00007ffac78b6000 	C:\WINDOWS\SYSTEM32\dhcpcsvc6.DLL
0x00007ffac7850000 - 0x00007ffac786a000 	C:\WINDOWS\SYSTEM32\dhcpcsvc.DLL
0x0000000058930000 - 0x0000000058ac8000 	C:\Program Files\Java\jdk1.8.0_66\jre\bin\awt.dll
0x00007ffad19d0000 - 0x00007ffad1a92000 	C:\WINDOWS\System32\OLEAUT32.dll
0x00007ffacdfe0000 - 0x00007fface06b000 	C:\WINDOWS\SYSTEM32\apphelp.dll
0x00007fface380000 - 0x00007fface3a9000 	C:\WINDOWS\system32\DWMAPI.DLL
0x00007fface250000 - 0x00007fface2e8000 	C:\WINDOWS\system32\uxtheme.dll
0x000000005a210000 - 0x000000005a23a000 	C:\Program Files\Java\jdk1.8.0_66\jre\bin\dcpr.dll
0x00007ffacec80000 - 0x00007ffacecb1000 	C:\WINDOWS\SYSTEM32\ntmarta.dll
0x00007ffabc3f0000 - 0x00007ffabc5b9000 	C:\WINDOWS\SYSTEM32\dbghelp.dll

VM Arguments:
jvm_args: -Xmx1536m -Dfile.encoding=windows-1252 -Duser.country=US -Duser.language=en -Duser.variant 
java_command: org.gradle.launcher.daemon.bootstrap.GradleDaemon 4.6
java_class_path (initial): C:\Users\garyc\.gradle\wrapper\dists\gradle-4.6-all\bcst21l2brirad8k2ben1letg\gradle-4.6\lib\gradle-launcher-4.6.jar
Launcher Type: SUN_STANDARD

Environment Variables:
PATH=C:\Program Files (x86)\Intel\iCLS Client\;C:\Program Files\Intel\iCLS Client\;C:\ProgramData\Oracle\Java\javapath;C:\WINDOWS\system32;C:\WINDOWS;C:\WINDOWS\System32\Wbem;C:\WINDOWS\System32\WindowsPowerShell\v1.0\;C:\Program Files (x86)\Intel\Intel(R) Management Engine Components\DAL;C:\Program Files\Intel\Intel(R) Management Engine Components\DAL;C:\Program Files (x86)\Intel\Intel(R) Management Engine Components\IPT;C:\Program Files\Intel\Intel(R) Management Engine Components\IPT;C:\Program Files\Common Files\Autodesk Shared\;C:\Program Files\Java\jdk1.8.0_66\bin;C:\Users\garyc\.dnx\bin;C:\Program Files\Microsoft DNX\Dnvm\;C:\WINDOWS\system32;C:\WINDOWS;C:\WINDOWS\System32\Wbem;C:\WINDOWS\System32\WindowsPowerShell\v1.0\;C:\Program Files (x86)\Windows Kits\8.1\Windows Performance Toolkit\;C:\opencv\build\x86\vc12\bin;C:\Program Files (x86)\Skype\Phone\;C:\WINDOWS\System32\OpenSSH\;C:\Users\garyc\Documents\Visual Studio 2015\opencv\opencv\build\x64\vc15\bin;C:\Program Files (x86)\QuickTime\QTSystem\;C:\Users\garyc\AppData\Local\Microsoft\WindowsApps;
USERNAME=Gary Chun
OS=Windows_NT
PROCESSOR_IDENTIFIER=Intel64 Family 6 Model 42 Stepping 7, GenuineIntel



---------------  S Y S T E M  ---------------

OS: Windows 10.0 , 64 bit Build 17134 (10.0.17134.1)

CPU:total 4 (4 cores per cpu, 2 threads per core) family 6 model 42 stepping 7, cmov, cx8, fxsr, mmx, sse, sse2, sse3, ssse3, sse4.1, sse4.2, popcnt, avx, aes, clmul, ht, tsc, tscinvbit

Memory: 4k page, physical 8266680k(1988204k free), swap 9577400k(2560288k free)

vm_info: Java HotSpot(TM) 64-Bit Server VM (25.66-b17) for windows-amd64 JRE (1.8.0_66-b17), built on Oct  6 2015 18:55:33 by "java_re" with MS VC++ 10.0 (VS2010)

time: Wed Jan 02 11:23:44 2019
elapsed time: 2423 seconds (0d 0h 40m 23s)

